#
# There is insufficient memory for the Java Runtime Environment to continue.
# Native memory allocation (mmap) failed to map 260046848 bytes for G1 virtual space
# Possible reasons:
#   The system is out of physical RAM or swap space
#   The process is running with CompressedOops enabled, and the Java Heap may be blocking the growth of the native heap
# Possible solutions:
#   Reduce memory load on the system
#   Increase physical memory or swap space
#   Check if swap backing store is full
#   Decrease Java heap size (-Xmx/-Xms)
#   Decrease number of Java threads
#   Decrease Java thread stack sizes (-Xss)
#   Set larger code cache with -XX:ReservedCodeCacheSize=
#   JVM is running with Zero Based Compressed Oops mode in which the Java heap is
#     placed in the first 32GB address space. The Java Heap base address is the
#     maximum limit for the native heap growth. Please use -XX:HeapBaseMinAddress
#     to set the Java Heap base and to place the Java Heap above 32GB virtual address.
# This output file may be truncated or incomplete.
#
#  Out of Memory Error (os_windows.cpp:3528), pid=3768, tid=16724
#
# JRE version:  (20.0.2+9) (build )
# Java VM: Java HotSpot(TM) 64-Bit Server VM (20.0.2+9-78, mixed mode, sharing, tiered, compressed oops, compressed class ptrs, g1 gc, windows-amd64)
# No core dump will be written. Minidumps are not enabled by default on client versions of Windows
#

---------------  S U M M A R Y ------------

Command Line: -Dclassworlds.conf=C:\Program Files\NetBeans-18\netbeans\java\maven\bin\m2.conf -Dmaven.home=C:\Program Files\NetBeans-18\netbeans\java\maven -Dlibrary.jansi.path=C:\Program Files\NetBeans-18\netbeans\java\maven\lib\jansi-native -Dmaven.multiModuleProjectDirectory=C:\Users\ASUS Vivobook\OneDrive\Documents\NetBeansProjects\Toko org.codehaus.plexus.classworlds.launcher.Launcher -Dexec.vmArgs= -Dexec.args=${exec.vmArgs} -classpath %classpath ${exec.mainClass} ${exec.appArgs} -Dexec.executable=C:\Program Files\Java\jdk-20\bin\java.exe -Dexec.mainClass=main.Main -Dexec.classpathScope=runtime -Dexec.appArgs= -Dmaven.ext.class.path=C:\Program Files\NetBeans-18\netbeans\java\maven-nblib\netbeans-eventspy.jar --no-transfer-progress process-classes org.codehaus.mojo:exec-maven-plugin:3.1.0:exec

Host: AMD Ryzen 7 5800H with Radeon Graphics         , 16 cores, 15G,  Windows 11 , 64 bit Build 22621 (10.0.22621.2215)
Time: Thu Oct 12 22:00:06 2023 Malay Peninsula Standard Time elapsed time: 0.012813 seconds (0d 0h 0m 0s)

---------------  T H R E A D  ---------------

Current thread (0x000002a10144fb10):  JavaThread "Unknown thread" [_thread_in_vm, id=16724, stack(0x000000db59600000,0x000000db59700000)]

Stack: [0x000000db59600000,0x000000db59700000]
Native frames: (J=compiled Java code, j=interpreted, Vv=VM code, C=native code)
V  [jvm.dll+0x6bc25a]
V  [jvm.dll+0x84971a]
V  [jvm.dll+0x84b315]
V  [jvm.dll+0x84ba13]
V  [jvm.dll+0x280e4f]
V  [jvm.dll+0x6b8fe9]
V  [jvm.dll+0x6adbca]
V  [jvm.dll+0x35b165]
V  [jvm.dll+0x363386]
V  [jvm.dll+0x3b400e]
V  [jvm.dll+0x3b4295]
V  [jvm.dll+0x32b86a]
V  [jvm.dll+0x32c68b]
V  [jvm.dll+0x8123df]
V  [jvm.dll+0x3c1261]
V  [jvm.dll+0x7fe103]
V  [jvm.dll+0x44ccaf]
V  [jvm.dll+0x44e621]
C  [jli.dll+0x5287]
C  [ucrtbase.dll+0x29363]
C  [KERNEL32.DLL+0x1257d]
C  [ntdll.dll+0x5aa68]


---------------  P R O C E S S  ---------------

Threads class SMR info:
_java_thread_list=0x00007ffc8ae0b118, length=0, elements={
}

Java Threads: ( => current thread )

Other Threads:
  0x000002a1014ba210 WorkerThread "GC Thread#0" [stack: 0x000000db59700000,0x000000db59800000] [id=16780]
  0x000002a1014cb860 ConcurrentGCThread "G1 Main Marker" [stack: 0x000000db59800000,0x000000db59900000] [id=11772]
  0x000002a1014cc940 WorkerThread "G1 Conc#0" [stack: 0x000000db59900000,0x000000db59a00000] [id=13392]

[error occurred during error reporting (printing all threads), id 0xc0000005, EXCEPTION_ACCESS_VIOLATION (0xc0000005) at pc=0x00007ffc8a5eeea7]
VM state: not at safepoint (not fully initialized)

VM Mutex/Monitor currently owned by a thread:  ([mutex/lock_event])
[0x000002a10144bf80] Heap_lock - owner thread: 0x000002a10144fb10

Heap address: 0x0000000709800000, size: 3944 MB, Compressed Oops mode: Zero based, Oop shift amount: 3

CDS archive(s) mapped at: [0x0000000000000000-0x0000000000000000-0x0000000000000000), size 0, SharedBaseAddress: 0x0000000800000000, ArchiveRelocationMode: 1.
Narrow klass base: 0x0000000000000000, Narrow klass shift: 0, Narrow klass range: 0x0

GC Precious Log:
 CardTable entry size: 512
 Card Set container configuration: InlinePtr #cards 4 size 8 Array Of Cards #cards 16 size 48 Howl #buckets 8 coarsen threshold 3686 Howl Bitmap #cards 512 size 80 coarsen threshold 460 Card regions per heap region 1 cards per card region 4096

Heap:
 garbage-first heap   total 0K, used 0K [0x0000000709800000, 0x0000000800000000)
  region size 2048K, 0 young (0K), 0 survivors (0K)

[error occurred during error reporting (printing heap information), id 0xc0000005, EXCEPTION_ACCESS_VIOLATION (0xc0000005) at pc=0x00007ffc8a9c47b9]
GC Heap History (0 events):
No events

Dll operation events (1 events):
Event: 0.009 Loaded shared library C:\Program Files\Java\jdk-20\bin\java.dll

Deoptimization events (0 events):
No events

Classes loaded (0 events):
No events

Classes unloaded (0 events):
No events

Classes redefined (0 events):
No events

Internal exceptions (0 events):
No events

VM Operations (0 events):
No events

Events (0 events):
No events


Dynamic libraries:
0x00007ff7dbee0000 - 0x00007ff7dbef0000 	C:\Program Files\Java\jdk-20\bin\java.exe
0x00007ffce9a50000 - 0x00007ffce9c64000 	C:\WINDOWS\SYSTEM32\ntdll.dll
0x00007ffce8700000 - 0x00007ffce87c4000 	C:\WINDOWS\System32\KERNEL32.DLL
0x00007ffce6ea0000 - 0x00007ffce7244000 	C:\WINDOWS\System32\KERNELBASE.dll
0x00007ffce7690000 - 0x00007ffce77a1000 	C:\WINDOWS\System32\ucrtbase.dll
0x00007ffcd6e60000 - 0x00007ffcd6e7b000 	C:\Program Files\Java\jdk-20\bin\VCRUNTIME140.dll
0x00007ffcca200000 - 0x00007ffcca219000 	C:\Program Files\Java\jdk-20\bin\jli.dll
0x00007ffce7d20000 - 0x00007ffce7dd0000 	C:\WINDOWS\System32\ADVAPI32.dll
0x00007ffce7950000 - 0x00007ffce79f7000 	C:\WINDOWS\System32\msvcrt.dll
0x00007ffce9960000 - 0x00007ffce9a06000 	C:\WINDOWS\System32\sechost.dll
0x00007ffce7b10000 - 0x00007ffce7c27000 	C:\WINDOWS\System32\RPCRT4.dll
0x00007ffce7e40000 - 0x00007ffce7fee000 	C:\WINDOWS\System32\USER32.dll
0x00007ffcde9a0000 - 0x00007ffcdec33000 	C:\WINDOWS\WinSxS\amd64_microsoft.windows.common-controls_6595b64144ccf1df_6.0.22621.2215_none_270d72677387dfc3\COMCTL32.dll
0x00007ffce77b0000 - 0x00007ffce77d6000 	C:\WINDOWS\System32\win32u.dll
0x00007ffce9410000 - 0x00007ffce9439000 	C:\WINDOWS\System32\GDI32.dll
0x00007ffce7340000 - 0x00007ffce7458000 	C:\WINDOWS\System32\gdi32full.dll
0x00007ffce6e00000 - 0x00007ffce6e9a000 	C:\WINDOWS\System32\msvcp_win.dll
0x00007ffcde850000 - 0x00007ffcde85a000 	C:\WINDOWS\SYSTEM32\VERSION.dll
0x00007ffce8650000 - 0x00007ffce8681000 	C:\WINDOWS\System32\IMM32.DLL
0x00007ffce44a0000 - 0x00007ffce44ac000 	C:\Program Files\Java\jdk-20\bin\vcruntime140_1.dll
0x00007ffcbcdd0000 - 0x00007ffcbce5e000 	C:\Program Files\Java\jdk-20\bin\msvcp140.dll
0x00007ffc8a2b0000 - 0x00007ffc8af48000 	C:\Program Files\Java\jdk-20\bin\server\jvm.dll
0x00007ffcd15f0000 - 0x00007ffcd15f9000 	C:\WINDOWS\SYSTEM32\WSOCK32.dll
0x00007ffcdeec0000 - 0x00007ffcdeef4000 	C:\WINDOWS\SYSTEM32\WINMM.dll
0x00007ffce77e0000 - 0x00007ffce7851000 	C:\WINDOWS\System32\WS2_32.dll
0x00007ffce5f40000 - 0x00007ffce5f58000 	C:\WINDOWS\SYSTEM32\kernel.appcore.dll
0x00007ffce4430000 - 0x00007ffce443a000 	C:\Program Files\Java\jdk-20\bin\jimage.dll
0x00007ffce4100000 - 0x00007ffce432e000 	C:\WINDOWS\SYSTEM32\DBGHELP.DLL
0x00007ffce8110000 - 0x00007ffce849a000 	C:\WINDOWS\System32\combase.dll
0x00007ffce7c30000 - 0x00007ffce7d07000 	C:\WINDOWS\System32\OLEAUT32.dll
0x00007ffcdc130000 - 0x00007ffcdc162000 	C:\WINDOWS\SYSTEM32\dbgcore.DLL
0x00007ffce7250000 - 0x00007ffce72ca000 	C:\WINDOWS\System32\bcryptPrimitives.dll
0x00007ffcbce60000 - 0x00007ffcbce86000 	C:\Program Files\Java\jdk-20\bin\java.dll

dbghelp: loaded successfully - version: 4.0.5 - missing functions: none
symbol engine: initialized successfully - sym options: 0x614 - pdb path: .;C:\Program Files\Java\jdk-20\bin;C:\WINDOWS\SYSTEM32;C:\WINDOWS\WinSxS\amd64_microsoft.windows.common-controls_6595b64144ccf1df_6.0.22621.2215_none_270d72677387dfc3;C:\Program Files\Java\jdk-20\bin\server

VM Arguments:
jvm_args: -Dclassworlds.conf=C:\Program Files\NetBeans-18\netbeans\java\maven\bin\m2.conf -Dmaven.home=C:\Program Files\NetBeans-18\netbeans\java\maven -Dlibrary.jansi.path=C:\Program Files\NetBeans-18\netbeans\java\maven\lib\jansi-native -Dmaven.multiModuleProjectDirectory=C:\Users\ASUS Vivobook\OneDrive\Documents\NetBeansProjects\Toko 
java_command: org.codehaus.plexus.classworlds.launcher.Launcher -Dexec.vmArgs= -Dexec.args=${exec.vmArgs} -classpath %classpath ${exec.mainClass} ${exec.appArgs} -Dexec.executable=C:\Program Files\Java\jdk-20\bin\java.exe -Dexec.mainClass=main.Main -Dexec.classpathScope=runtime -Dexec.appArgs= -Dmaven.ext.class.path=C:\Program Files\NetBeans-18\netbeans\java\maven-nblib\netbeans-eventspy.jar --no-transfer-progress process-classes org.codehaus.mojo:exec-maven-plugin:3.1.0:exec
java_class_path (initial): C:\Program Files\NetBeans-18\netbeans\java\maven\boot\plexus-classworlds-2.6.0.jar
Launcher Type: SUN_STANDARD

[Global flags]
     intx CICompilerCount                          = 12                                        {product} {ergonomic}
     uint ConcGCThreads                            = 3                                         {product} {ergonomic}
     uint G1ConcRefinementThreads                  = 13                                        {product} {ergonomic}
   size_t G1HeapRegionSize                         = 2097152                                   {product} {ergonomic}
    uintx GCDrainStackTargetSize                   = 64                                        {product} {ergonomic}
   size_t InitialHeapSize                          = 260046848                                 {product} {ergonomic}
   size_t MarkStackSize                            = 4194304                                   {product} {ergonomic}
   size_t MaxHeapSize                              = 4135583744                                {product} {ergonomic}
   size_t MinHeapDeltaBytes                        = 2097152                                   {product} {ergonomic}
   size_t MinHeapSize                              = 8388608                                   {product} {ergonomic}
    uintx NonNMethodCodeHeapSize                   = 7602480                                {pd product} {ergonomic}
    uintx NonProfiledCodeHeapSize                  = 122027880                              {pd product} {ergonomic}
    uintx ProfiledCodeHeapSize                     = 122027880                              {pd product} {ergonomic}
    uintx ReservedCodeCacheSize                    = 251658240                              {pd product} {ergonomic}
     bool SegmentedCodeCache                       = true                                      {product} {ergonomic}
   size_t SoftMaxHeapSize                          = 4135583744                             {manageable} {ergonomic}
     bool UseCompressedClassPointers               = true                           {product lp64_product} {ergonomic}
     bool UseCompressedOops                        = true                           {product lp64_product} {ergonomic}
     bool UseG1GC                                  = true                                      {product} {ergonomic}
     bool UseLargePagesIndividualAllocation        = false                                  {pd product} {ergonomic}

Logging:
Log output configuration:
 #0: stdout all=warning uptime,level,tags foldmultilines=false
 #1: stderr all=off uptime,level,tags foldmultilines=false

Environment Variables:
JAVA_HOME=C:\Program Files\Java\jdk-20
PATH=C:\Program Files\Common Files\Oracle\Java\javapath;C:\WINDOWS\system32;C:\WINDOWS;C:\WINDOWS\System32\Wbem;C:\WINDOWS\System32\WindowsPowerShell\v1.0\;C:\WINDOWS\System32\OpenSSH\;C:\Program Files\Git\cmd;C:\Users\ASUS Vivobook\AppData\Local\Programs\Python\Python310\Scripts\;C:\Users\ASUS Vivobook\AppData\Local\Programs\Python\Python310\;C:\Users\ASUS Vivobook\AppData\Local\Microsoft\WindowsApps;;C:\Users\ASUS Vivobook\AppData\Local\Programs\Microsoft VS Code\bin
USERNAME=ASUS Vivobook
OS=Windows_NT
PROCESSOR_IDENTIFIER=AMD64 Family 25 Model 80 Stepping 0, AuthenticAMD
TMP=C:\Users\ASUSVI~1\AppData\Local\Temp
TEMP=C:\Users\ASUSVI~1\AppData\Local\Temp




---------------  S Y S T E M  ---------------

OS:
 Windows 11 , 64 bit Build 22621 (10.0.22621.2215)
OS uptime: 10 days 14:03 hours

CPU: total 16 (initial active 16) (16 cores per cpu, 2 threads per core) family 25 model 80 stepping 0 microcode 0x0, cx8, cmov, fxsr, ht, mmx, 3dnowpref, sse, sse2, sse3, ssse3, sse4a, sse4.1, sse4.2, popcnt, lzcnt, tsc, tscinvbit, avx, avx2, aes, erms, clmul, bmi1, bmi2, adx, sha, fma, vzeroupper, clflush, clflushopt, rdtscp, rdpid, fsrm, f16c, pku, cet_ss

Memory: 4k page, system-wide physical 15775M (5181M free)
TotalPageFile size 23983M (AvailPageFile size 22M)
current process WorkingSet (physical memory assigned to process): 11M, peak: 11M
current process commit charge ("private bytes"): 70M, peak: 318M

vm_info: Java HotSpot(TM) 64-Bit Server VM (20.0.2+9-78) for windows-amd64 JRE (20.0.2+9-78), built on 2023-06-14T10:08:48Z by "mach5one" with MS VC++ 17.1 (VS2022)

END.
